<?xml version="1.0" encoding="UTF-8"?>
<!-- Generated by org.testng.reporters.JUnitXMLReporter -->
<testsuite ignored="0" hostname="LAPTOP-C3VNM881" failures="0" tests="3" name="Default test" time="34.2" errors="0" timestamp="2026-02-17T19:35:45 IST">
  <testcase classname="TestNg.LoginTest" name="loginTest" time="11.549"/>
  <testcase classname="TestNg.LoginTest" name="loginTest" time="9.248"/>
  <testcase classname="TestNg.LoginTest" name="loginTest" time="13.348"/>
</testsuite> <!-- Default test -->
