<?xml version="1.0" encoding="UTF-8"?>
<!-- Generated by org.testng.reporters.JUnitReportReporter -->
<testsuite hostname="LAPTOP-C3VNM881" failures="0" tests="3" name="TestNg.LoginTest" time="34.145" errors="0" timestamp="2026-02-17T19:35:45 IST" skipped="0">
  <testcase classname="TestNg.LoginTest" name="loginTest" time="9.248"/>
  <testcase classname="TestNg.LoginTest" name="loginTest" time="11.549"/>
  <testcase classname="TestNg.LoginTest" name="loginTest" time="13.348"/>
</testsuite> <!-- TestNg.LoginTest -->
