<?xml version="1.0" encoding="UTF-8"?>
<!-- Generated by org.testng.reporters.JUnitReportReporter -->
<testsuite hostname="LAPTOP-C3VNM881" failures="0" tests="5" name="Testng.ProductAPITest" time="6.968" errors="0" timestamp="2026-02-23T13:39:57 IST" skipped="0">
  <testcase classname="Testng.ProductAPITest" name="getSingleProduct" time="0.510"/>
  <testcase classname="Testng.ProductAPITest" name="getAllProducts" time="0.454"/>
  <testcase classname="Testng.ProductAPITest" name="deleteProduct" time="0.589"/>
  <testcase classname="Testng.ProductAPITest" name="updateProduct" time="0.480"/>
  <testcase classname="Testng.ProductAPITest" name="createProduct" time="4.935"/>
</testsuite> <!-- Testng.ProductAPITest -->
