<?xml version="1.0" encoding="UTF-8"?>
<!-- Generated by org.testng.reporters.JUnitReportReporter -->
<testsuite hostname="LAPTOP-C3VNM881" failures="0" tests="3" name="Testng.LoginTestCsv" time="14.147" errors="0" timestamp="2026-02-18T12:54:50 IST" skipped="0">
  <testcase classname="Testng.LoginTestCsv" name="loginTest" time="5.825"/>
  <testcase classname="Testng.LoginTestCsv" name="loginTest" time="4.375"/>
  <testcase classname="Testng.LoginTestCsv" name="loginTest" time="3.947"/>
</testsuite> <!-- Testng.LoginTestCsv -->
