<?xml version="1.0" encoding="UTF-8"?>
<!-- Generated by org.testng.reporters.JUnitReportReporter -->
<testsuite hostname="LAPTOP-C3VNM881" failures="0" tests="3" name="Testng.LoginTest" time="14.318" errors="0" timestamp="2026-02-18T13:45:43 IST" skipped="0">
  <testcase classname="Testng.LoginTest" name="loginTest" time="5.146"/>
  <testcase classname="Testng.LoginTest" name="loginTest" time="4.607"/>
  <testcase classname="Testng.LoginTest" name="loginTest" time="4.565"/>
</testsuite> <!-- Testng.LoginTest -->
