<?xml version="1.0" encoding="UTF-8"?>
<!-- Generated by org.testng.reporters.JUnitXMLReporter -->
<testsuite ignored="0" hostname="LAPTOP-C3VNM881" failures="0" tests="5" name="Default test" time="7.062" errors="0" timestamp="2026-02-23T13:39:56 IST">
  <testcase classname="Testng.ProductAPITest" name="createProduct" time="4.935"/>
  <testcase classname="Testng.ProductAPITest" name="deleteProduct" time="0.589"/>
  <testcase classname="Testng.ProductAPITest" name="getAllProducts" time="0.454"/>
  <testcase classname="Testng.ProductAPITest" name="getSingleProduct" time="0.51"/>
  <testcase classname="Testng.ProductAPITest" name="updateProduct" time="0.48"/>
</testsuite> <!-- Default test -->
