<?xml version="1.0" encoding="UTF-8"?>
<testng-results ignored="0" total="5" passed="5" failed="0" skipped="0">
  <reporter-output>
  </reporter-output>
  <suite started-at="2026-02-23T13:39:49 IST" name="Default suite" finished-at="2026-02-23T13:39:56 IST" duration-ms="7062">
    <groups>
    </groups>
    <test started-at="2026-02-23T13:39:49 IST" name="Default test" finished-at="2026-02-23T13:39:56 IST" duration-ms="7062">
      <class name="Testng.ProductAPITest">
        <test-method signature="createProduct()[pri:0, instance:Testng.ProductAPITest@1d296da]" started-at="2026-02-23T13:39:49 IST" name="createProduct" finished-at="2026-02-23T13:39:54 IST" duration-ms="4935" status="PASS">
          <reporter-output>
          </reporter-output>
        </test-method> <!-- createProduct -->
        <test-method signature="deleteProduct()[pri:0, instance:Testng.ProductAPITest@1d296da]" started-at="2026-02-23T13:39:54 IST" name="deleteProduct" finished-at="2026-02-23T13:39:55 IST" duration-ms="589" status="PASS">
          <reporter-output>
          </reporter-output>
        </test-method> <!-- deleteProduct -->
        <test-method signature="getAllProducts()[pri:0, instance:Testng.ProductAPITest@1d296da]" started-at="2026-02-23T13:39:55 IST" name="getAllProducts" finished-at="2026-02-23T13:39:55 IST" duration-ms="454" status="PASS">
          <reporter-output>
          </reporter-output>
        </test-method> <!-- getAllProducts -->
        <test-method signature="getSingleProduct()[pri:0, instance:Testng.ProductAPITest@1d296da]" started-at="2026-02-23T13:39:55 IST" name="getSingleProduct" finished-at="2026-02-23T13:39:56 IST" duration-ms="510" status="PASS">
          <reporter-output>
          </reporter-output>
        </test-method> <!-- getSingleProduct -->
        <test-method signature="updateProduct()[pri:0, instance:Testng.ProductAPITest@1d296da]" started-at="2026-02-23T13:39:56 IST" name="updateProduct" finished-at="2026-02-23T13:39:56 IST" duration-ms="480" status="PASS">
          <reporter-output>
          </reporter-output>
        </test-method> <!-- updateProduct -->
      </class> <!-- Testng.ProductAPITest -->
    </test> <!-- Default test -->
  </suite> <!-- Default suite -->
</testng-results>
